Traceback (most recent call last):
  File "/usr/share/miniconda/envs/buildjupyterbook/lib/python3.12/site-packages/jupyter_core/utils/__init__.py", line 154, in wrapped
    asyncio.get_running_loop()
RuntimeError: no running event loop

During handling of the above exception, another exception occurred:

Traceback (most recent call last):
  File "/usr/share/miniconda/envs/buildjupyterbook/lib/python3.12/site-packages/jupyter_cache/executors/utils.py", line 58, in single_nb_execution
    executenb(
  File "/usr/share/miniconda/envs/buildjupyterbook/lib/python3.12/site-packages/nbclient/client.py", line 1319, in execute
    return NotebookClient(nb=nb, resources=resources, km=km, **kwargs).execute()
           ^^^^^^^^^^^^^^^^^^^^^^^^^^^^^^^^^^^^^^^^^^^^^^^^^^^^^^^^^^^^^^^^^^^^^
  File "/usr/share/miniconda/envs/buildjupyterbook/lib/python3.12/site-packages/jupyter_core/utils/__init__.py", line 158, in wrapped
    return loop.run_until_complete(inner)
           ^^^^^^^^^^^^^^^^^^^^^^^^^^^^^^
  File "/usr/share/miniconda/envs/buildjupyterbook/lib/python3.12/asyncio/base_events.py", line 691, in run_until_complete
    return future.result()
           ^^^^^^^^^^^^^^^
  File "/usr/share/miniconda/envs/buildjupyterbook/lib/python3.12/site-packages/nbclient/client.py", line 709, in async_execute
    await self.async_execute_cell(
  File "/usr/share/miniconda/envs/buildjupyterbook/lib/python3.12/site-packages/nbclient/client.py", line 1062, in async_execute_cell
    await self._check_raise_for_error(cell, cell_index, exec_reply)
  File "/usr/share/miniconda/envs/buildjupyterbook/lib/python3.12/site-packages/nbclient/client.py", line 918, in _check_raise_for_error
    raise CellExecutionError.from_cell_and_msg(cell, exec_reply_content)
nbclient.exceptions.CellExecutionError: An error occurred while executing the following cell:
------------------
import madrigalWeb.madrigalWeb

#constants
madrigalUrl = 'http://cedar.openmadrigal.org'

user_fullname = 'Jonathan Makela'
user_email = 'jmakela@illinois.edu'
user_affiliation = 'University of Illinois'

# create the main object to get all needed info from Madrigal
madrigalObj = madrigalWeb.madrigalWeb.MadrigalData(madrigalUrl)

# Lowel FPI
code = 5555

expList = madrigalObj.getExperiments(code, 2023, 5, 10, 0, 0, 0, 2023, 5, 12, 0, 0, 0)

for exp in expList:

    fileList = madrigalObj.getExperimentFiles(exp.id)
    
    for file in fileList:

        outFile = os.path.join(asi_directory, os.path.basename(file.name))
        print(outFile)
        madrigalObj.downloadFile(file.name, outFile, user_fullname, user_email, user_affiliation, format='hdf5')

------------------

----- stdout -----
MANGO_Data/minime11_low_20230509.cedar.034.hdf5
----- stderr -----
/usr/share/miniconda/envs/buildjupyterbook/lib/python3.12/site-packages/madrigalWeb/madrigalWeb.py:638: SyntaxWarning: invalid escape sequence '\g'
  filters = re.sub(',([a-zA-Z])', '?\g<1>', filters)
------------------

[31m---------------------------------------------------------------------------[39m
[31mFileNotFoundError[39m                         Traceback (most recent call last)
[36mCell[39m[36m [39m[32mIn[3][39m[32m, line 26[39m
[32m     24[39m outFile = os.path.join(asi_directory, os.path.basename(file.name))
[32m     25[39m [38;5;28mprint[39m(outFile)
[32m---> [39m[32m26[39m [43mmadrigalObj[49m[43m.[49m[43mdownloadFile[49m[43m([49m[43mfile[49m[43m.[49m[43mname[49m[43m,[49m[43m [49m[43moutFile[49m[43m,[49m[43m [49m[43muser_fullname[49m[43m,[49m[43m [49m[43muser_email[49m[43m,[49m[43m [49m[43muser_affiliation[49m[43m,[49m[43m [49m[38;5;28;43mformat[39;49m[43m=[49m[33;43m'[39;49m[33;43mhdf5[39;49m[33;43m'[39;49m[43m)[49m

[36mFile [39m[32m/usr/share/miniconda/envs/buildjupyterbook/lib/python3.12/site-packages/madrigalWeb/madrigalWeb.py:1775[39m, in [36mMadrigalData.downloadFile[39m[34m(self, filename, destination, user_fullname, user_email, user_affiliation, format)[39m
[32m   1773[39m     f = [38;5;28mopen[39m(destination, [33m'[39m[33mw[39m[33m'[39m)
[32m   1774[39m [38;5;28;01melse[39;00m:
[32m-> [39m[32m1775[39m     f = [38;5;28;43mopen[39;49m[43m([49m[43mdestination[49m[43m,[49m[43m [49m[33;43m'[39;49m[33;43mwb[39;49m[33;43m'[39;49m[43m)[49m
[32m   1777[39m [38;5;28;01mwhile[39;00m([38;5;28;01mTrue[39;00m):
[32m   1778[39m     [38;5;28;01mif[39;00m [38;5;28mformat[39m [38;5;129;01min[39;00m ([33m'[39m[33mascii[39m[33m'[39m, [33m'[39m[33msimple[39m[33m'[39m):

[31mFileNotFoundError[39m: [Errno 2] No such file or directory: 'MANGO_Data/minime11_low_20230509.cedar.034.hdf5'

